SF:/Users/rickgladwin/Code/dart_sudoku/lib/src/core/helpers.dart
DA:3,2
DA:5,2
DA:7,2
DA:11,2
DA:13,2
DA:15,2
LF:6
LH:6
end_of_record
SF:/Users/rickgladwin/Code/dart_sudoku/lib/src/core/validation_result.dart
DA:7,4
LF:1
LH:1
end_of_record
SF:/Users/rickgladwin/Code/dart_sudoku/lib/src/domain/entities/sheet_node.dart
DA:8,8
DA:9,71
LF:2
LH:2
end_of_record
SF:/Users/rickgladwin/Code/dart_sudoku/lib/src/service/presenters/sheet_node_presenter.dart
DA:17,4
DA:18,4
DA:21,4
DA:22,16
DA:24,8
DA:25,3
DA:27,4
DA:31,4
DA:33,8
DA:35,8
DA:36,8
DA:38,4
DA:40,8
DA:41,4
DA:42,16
DA:47,3
DA:49,6
DA:51,6
DA:53,3
DA:54,6
DA:56,6
DA:58,6
DA:59,3
DA:60,12
LF:24
LH:24
end_of_record
SF:/Users/rickgladwin/Code/dart_sudoku/lib/src/domain/entities/sheet.dart
DA:16,1
DA:17,1
DA:20,5
DA:21,10
DA:24,1
DA:26,1
DA:27,2
DA:28,4
DA:29,1
DA:33,2
DA:34,2
DA:35,5
DA:44,10
DA:49,5
DA:51,5
DA:53,4
DA:57,5
DA:58,10
DA:59,15
DA:60,10
DA:61,20
DA:66,4
DA:67,8
DA:68,12
DA:69,8
DA:70,16
DA:71,4
DA:74,20
LF:28
LH:28
end_of_record
SF:/Users/rickgladwin/Code/dart_sudoku/lib/src/domain/usecases/sheet_node_handler.dart
DA:10,6
DA:12,2
DA:13,2
DA:14,4
DA:15,4
DA:17,2
DA:21,6
DA:22,24
DA:25,2
DA:26,2
DA:29,4
DA:30,4
DA:31,1
DA:32,1
DA:38,4
DA:39,6
DA:40,1
DA:41,1
DA:49,3
DA:50,9
DA:51,9
LF:21
LH:21
end_of_record
SF:/Users/rickgladwin/Code/dart_sudoku/lib/src/service/presenters/sheet_presenter.dart
DA:39,3
DA:40,5
DA:43,3
DA:44,6
DA:45,12
DA:47,9
DA:50,6
DA:59,3
DA:61,3
DA:76,6
DA:77,6
DA:78,3
DA:79,6
DA:80,3
DA:81,6
DA:82,6
DA:84,6
DA:91,6
DA:93,6
DA:94,3
DA:95,3
DA:103,6
DA:105,6
DA:107,6
DA:111,9
DA:114,3
DA:115,3
DA:116,6
DA:119,6
DA:120,6
DA:121,30
DA:226,3
DA:229,6
DA:232,3
DA:234,6
DA:237,3
DA:240,6
DA:243,3
DA:245,6
LF:39
LH:39
end_of_record
SF:/Users/rickgladwin/Code/dart_sudoku/lib/src/domain/usecases/sheet_handler.dart
DA:10,2
DA:12,2
DA:14,6
DA:15,4
DA:16,4
DA:24,1
DA:25,1
DA:27,2
DA:29,1
DA:30,1
DA:33,2
DA:35,1
DA:36,1
DA:42,1
DA:43,1
DA:44,2
DA:45,2
DA:48,6
DA:51,1
DA:52,1
DA:53,2
DA:54,2
DA:57,1
DA:58,2
DA:61,1
DA:62,1
DA:63,2
DA:64,2
DA:67,1
DA:68,2
DA:71,1
DA:72,2
DA:73,2
DA:74,5
DA:75,4
DA:76,5
DA:85,2
DA:87,4
DA:90,4
DA:91,4
DA:92,18
LF:41
LH:41
end_of_record
SF:/Users/rickgladwin/Code/dart_sudoku/lib/src/domain/entities/sheet_solve_result.dart
DA:11,1
LF:1
LH:1
end_of_record
SF:/Users/rickgladwin/Code/dart_sudoku/lib/src/domain/usecases/sheet_solver.dart
DA:19,1
DA:20,1
DA:25,1
DA:26,2
DA:27,2
DA:28,2
DA:29,2
DA:30,4
DA:32,4
DA:34,2
DA:35,4
DA:36,2
DA:42,1
DA:43,2
DA:44,2
DA:45,7
DA:50,1
DA:51,2
DA:52,2
DA:53,4
DA:54,6
DA:60,1
DA:61,1
DA:62,1
DA:63,1
DA:65,4
DA:66,4
DA:67,4
DA:68,6
DA:74,1
DA:75,1
DA:76,1
DA:77,1
DA:80,1
DA:81,2
DA:82,1
DA:83,2
DA:86,6
DA:87,1
DA:92,2
DA:93,7
DA:98,1
DA:99,2
DA:100,1
DA:101,2
DA:104,6
DA:105,1
DA:110,2
DA:111,7
DA:116,1
DA:117,2
DA:118,1
DA:119,1
DA:121,3
DA:122,3
DA:123,6
DA:124,1
DA:125,1
DA:130,2
DA:131,8
DA:136,1
DA:138,2
DA:139,1
DA:142,2
DA:143,1
DA:146,2
DA:147,2
DA:148,1
DA:153,1
DA:155,2
DA:159,2
DA:160,2
DA:162,2
DA:163,1
DA:164,4
DA:165,2
DA:172,1
DA:173,1
DA:174,1
DA:176,1
DA:178,1
DA:181,2
DA:182,0
DA:183,0
DA:194,1
DA:198,1
DA:201,2
DA:202,2
DA:204,2
DA:205,3
DA:206,1
DA:207,3
DA:208,2
DA:209,2
DA:214,1
DA:216,1
DA:218,2
DA:219,2
DA:220,2
DA:222,1
DA:224,1
DA:226,3
DA:227,1
DA:229,1
DA:232,2
DA:238,1
DA:240,1
DA:242,2
DA:243,2
DA:245,7
DA:247,6
DA:248,1
DA:249,6
DA:250,1
DA:251,1
DA:252,2
DA:253,1
DA:254,10
DA:265,0
DA:270,1
DA:272,1
DA:277,1
DA:282,1
DA:290,1
DA:291,2
DA:292,8
DA:301,1
DA:302,2
DA:303,8
DA:312,1
DA:313,3
DA:314,2
DA:315,2
DA:316,3
DA:317,3
DA:319,8
DA:334,1
DA:336,1
DA:338,1
DA:339,1
DA:341,5
DA:344,3
DA:355,1
DA:356,5
DA:357,5
DA:359,1
DA:365,0
DA:377,0
DA:387,0
DA:388,0
DA:389,0
DA:390,0
DA:392,0
DA:394,0
DA:402,0
DA:403,0
DA:406,0
DA:409,0
DA:410,0
DA:412,0
DA:413,0
DA:414,0
DA:415,0
DA:417,0
DA:422,0
DA:423,0
LF:166
LH:143
end_of_record
SF:/Users/rickgladwin/Code/dart_sudoku/lib/src/interaction/sheet_importer.dart
DA:14,1
DA:15,1
DA:16,2
DA:17,2
DA:18,2
DA:23,1
DA:24,1
DA:27,1
DA:28,1
DA:29,1
DA:30,1
DA:35,1
DA:37,1
DA:38,1
DA:39,1
DA:40,1
DA:47,1
DA:48,3
DA:49,3
DA:52,1
DA:55,2
DA:58,1
DA:60,1
DA:68,2
DA:69,2
DA:70,1
DA:71,2
DA:72,4
DA:73,2
DA:75,1
DA:80,2
DA:83,1
DA:84,2
DA:87,2
DA:88,2
DA:89,0
DA:93,2
DA:94,2
DA:97,2
LF:39
LH:38
end_of_record
