SF:/Users/rickgladwin/Code/dart_sudoku/lib/src/core/helpers.dart
DA:3,2
DA:4,4
DA:5,2
DA:7,2
DA:9,2
DA:11,2
DA:13,2
DA:15,2
LF:8
LH:8
end_of_record
SF:/Users/rickgladwin/Code/dart_sudoku/lib/src/core/validation_result.dart
DA:7,4
LF:1
LH:1
end_of_record
SF:/Users/rickgladwin/Code/dart_sudoku/lib/src/domain/entities/sheet_node.dart
DA:11,8
DA:12,71
LF:2
LH:2
end_of_record
SF:/Users/rickgladwin/Code/dart_sudoku/lib/src/service/presenters/sheet_node_presenter.dart
DA:17,4
DA:18,4
DA:21,4
DA:22,16
DA:24,8
DA:25,3
DA:27,4
DA:31,4
DA:33,8
DA:35,8
DA:36,8
DA:38,4
DA:40,8
DA:41,4
DA:42,16
DA:47,3
DA:49,6
DA:51,6
DA:53,3
DA:54,6
DA:56,6
DA:58,6
DA:59,3
DA:60,12
LF:24
LH:24
end_of_record
SF:/Users/rickgladwin/Code/dart_sudoku/lib/src/domain/entities/sheet.dart
DA:16,1
DA:17,1
DA:20,5
DA:21,10
DA:24,1
DA:29,1
DA:30,2
DA:31,4
DA:32,1
DA:38,2
DA:40,2
DA:42,5
DA:51,10
DA:57,5
DA:59,5
DA:61,4
DA:65,5
DA:66,10
DA:67,15
DA:68,10
DA:69,20
DA:74,4
DA:75,8
DA:76,12
DA:77,8
DA:78,16
DA:79,4
DA:82,20
LF:28
LH:28
end_of_record
SF:/Users/rickgladwin/Code/dart_sudoku/lib/src/domain/usecases/sheet_node_handler.dart
DA:10,6
DA:12,2
DA:13,2
DA:14,4
DA:15,4
DA:17,2
DA:21,6
DA:22,24
DA:25,2
DA:26,2
DA:29,4
DA:30,4
DA:31,1
DA:32,1
DA:38,4
DA:39,6
DA:40,1
DA:41,1
DA:49,3
DA:50,9
DA:51,9
LF:21
LH:21
end_of_record
SF:/Users/rickgladwin/Code/dart_sudoku/lib/src/service/presenters/sheet_presenter.dart
DA:39,3
DA:40,5
DA:43,3
DA:45,12
DA:47,9
DA:50,6
DA:59,3
DA:61,3
DA:76,6
DA:77,6
DA:78,3
DA:79,6
DA:80,3
DA:81,6
DA:82,6
DA:84,6
DA:91,6
DA:93,6
DA:94,3
DA:95,3
DA:103,6
DA:105,6
DA:107,6
DA:111,9
DA:114,3
DA:115,3
DA:116,6
DA:119,6
DA:120,6
DA:121,30
DA:226,3
DA:229,6
DA:232,3
DA:234,6
DA:237,3
DA:240,6
DA:243,3
DA:245,6
LF:38
LH:38
end_of_record
SF:/Users/rickgladwin/Code/dart_sudoku/lib/src/domain/usecases/sheet_handler.dart
DA:10,2
DA:12,2
DA:14,6
DA:15,4
DA:16,4
DA:24,1
DA:25,1
DA:27,2
DA:29,1
DA:30,1
DA:33,2
DA:35,1
DA:36,1
DA:42,1
DA:43,1
DA:44,2
DA:45,2
DA:48,6
DA:51,1
DA:52,1
DA:53,2
DA:54,2
DA:57,1
DA:58,2
DA:61,1
DA:62,1
DA:63,2
DA:64,2
DA:67,1
DA:68,2
DA:71,1
DA:72,2
DA:73,2
DA:74,5
DA:75,4
DA:76,5
DA:85,1
DA:87,2
DA:90,2
DA:91,2
DA:92,9
LF:41
LH:41
end_of_record
SF:/Users/rickgladwin/Code/dart_sudoku/lib/src/domain/entities/sheet_solve_result.dart
DA:11,1
LF:1
LH:1
end_of_record
SF:/Users/rickgladwin/Code/dart_sudoku/lib/src/domain/usecases/sheet_solver.dart
DA:27,1
DA:31,1
DA:32,2
DA:33,2
DA:34,2
DA:35,2
DA:36,4
DA:38,4
DA:39,2
DA:41,4
DA:42,2
DA:48,1
DA:49,2
DA:50,2
DA:51,7
DA:56,1
DA:57,2
DA:58,2
DA:59,4
DA:60,6
DA:66,1
DA:67,1
DA:68,1
DA:69,1
DA:73,4
DA:74,4
DA:75,4
DA:76,6
DA:82,1
DA:83,1
DA:84,1
DA:85,1
DA:88,1
DA:89,2
DA:90,1
DA:91,2
DA:94,6
DA:95,1
DA:100,2
DA:101,7
DA:106,1
DA:107,2
DA:108,1
DA:109,2
DA:112,6
DA:113,1
DA:118,2
DA:119,7
DA:124,1
DA:125,2
DA:126,1
DA:127,1
DA:129,3
DA:130,3
DA:131,6
DA:132,1
DA:133,1
DA:138,2
DA:139,8
DA:144,1
DA:146,2
DA:147,1
DA:150,2
DA:151,1
DA:154,2
DA:155,2
DA:156,1
DA:161,1
DA:162,1
DA:164,1
DA:165,1
DA:166,2
DA:167,2
DA:171,2
DA:175,3
DA:177,2
DA:178,1
DA:179,2
DA:180,1
DA:181,1
DA:186,4
DA:187,2
DA:188,2
DA:190,1
DA:191,2
DA:192,2
DA:208,1
DA:209,1
DA:210,1
DA:211,1
DA:213,1
DA:223,1
DA:235,2
DA:236,0
DA:237,0
DA:253,1
DA:260,1
DA:263,2
DA:264,2
DA:273,6
DA:275,2
DA:276,4
DA:279,2
DA:281,3
DA:282,9
DA:283,1
DA:284,3
DA:285,2
DA:286,2
DA:294,2
DA:306,1
DA:308,2
DA:310,1
DA:315,2
DA:316,2
DA:320,2
DA:321,1
DA:322,2
DA:324,2
DA:325,2
DA:327,2
DA:331,1
DA:333,2
DA:334,3
DA:338,3
DA:345,1
DA:355,3
DA:356,1
DA:358,1
DA:361,2
DA:367,1
DA:376,2
DA:377,2
DA:382,7
DA:386,6
DA:388,1
DA:390,6
DA:401,1
DA:404,2
DA:405,1
DA:408,14
DA:434,0
DA:439,0
DA:440,0
DA:441,0
DA:443,0
DA:455,1
DA:458,1
DA:464,1
DA:470,1
DA:482,1
DA:483,2
DA:484,8
DA:494,1
DA:495,2
DA:496,8
DA:505,1
DA:506,3
DA:507,2
DA:508,2
DA:509,3
DA:510,3
DA:512,8
DA:527,1
DA:529,1
DA:531,1
DA:532,1
DA:534,5
DA:537,3
DA:548,1
DA:549,5
DA:550,5
DA:552,1
DA:558,0
DA:578,0
DA:595,0
DA:596,0
DA:597,0
DA:598,0
DA:600,0
DA:603,0
DA:631,0
DA:632,0
DA:635,0
DA:638,0
DA:639,0
DA:641,0
DA:642,0
DA:643,0
DA:644,0
DA:646,0
DA:651,0
DA:652,0
LF:193
LH:166
end_of_record
SF:/Users/rickgladwin/Code/dart_sudoku/lib/src/interaction/sheet_importer.dart
DA:16,1
DA:17,1
DA:18,2
DA:19,2
DA:20,2
DA:25,1
DA:26,1
DA:29,1
DA:30,1
DA:31,1
DA:32,1
DA:37,1
DA:39,1
DA:40,1
DA:41,1
DA:42,1
DA:49,1
DA:51,3
DA:53,3
DA:58,1
DA:61,2
DA:64,1
DA:66,1
DA:77,2
DA:78,2
DA:79,1
DA:80,2
DA:82,4
DA:83,2
DA:85,1
DA:90,2
DA:93,1
DA:94,2
DA:97,2
DA:98,2
DA:101,2
DA:106,0
DA:107,0
DA:108,0
LF:39
LH:36
end_of_record
